<?xml version="1.0" encoding="UTF-8"?>
<!-- Generated by org.testng.reporters.JUnitReportReporter -->
<testsuite hostname="LAPTOP-U6DAF0B9" failures="0" tests="1" name="test.TC001_AccountLogin" time="27.392" errors="0" timestamp="2025-04-06T20:28:57 IST" skipped="0">
  <testcase classname="test.TC001_AccountLogin" name="verify_login" time="27.392"/>
</testsuite> <!-- test.TC001_AccountLogin -->
